This is pdfTeX, Version 3.14159265-2.6-1.40.15 (TeX Live 2014) (preloaded format=pdflatex 2014.5.25)  29 JAN 2015 14:57
entering extended mode
 restricted \write18 enabled.
 file:line:error style messages enabled.
 %&-line parsing enabled.
**Error.tex
(./Error.tex
LaTeX2e <2014/05/01>
Babel <3.9k> and hyphenation patterns for 78 languages loaded.
(/usr/local/texlive/2014/texmf-dist/tex/latex/base/article.cls
Document Class: article 2007/10/19 v1.4h Standard LaTeX document class
(/usr/local/texlive/2014/texmf-dist/tex/latex/base/size12.clo
File: size12.clo 2007/10/19 v1.4h Standard LaTeX file (size option)
)
\c@part=\count79
\c@section=\count80
\c@subsection=\count81
\c@subsubsection=\count82
\c@paragraph=\count83
\c@subparagraph=\count84
\c@figure=\count85
\c@table=\count86
\abovecaptionskip=\skip41
\belowcaptionskip=\skip42
\bibindent=\dimen102
)
(/usr/local/texlive/2014/texmf-dist/tex/latex/graphics/graphicx.sty
Package: graphicx 2014/04/25 v1.0g Enhanced LaTeX Graphics (DPC,SPQR)

(/usr/local/texlive/2014/texmf-dist/tex/latex/graphics/keyval.sty
Package: keyval 2014/05/08 v1.15 key=value parser (DPC)
\KV@toks@=\toks14
)
(/usr/local/texlive/2014/texmf-dist/tex/latex/graphics/graphics.sty
Package: graphics 2009/02/05 v1.0o Standard LaTeX Graphics (DPC,SPQR)

(/usr/local/texlive/2014/texmf-dist/tex/latex/graphics/trig.sty
Package: trig 1999/03/16 v1.09 sin cos tan (DPC)
)
(/usr/local/texlive/2014/texmf-dist/tex/latex/latexconfig/graphics.cfg
File: graphics.cfg 2010/04/23 v1.9 graphics configuration of TeX Live
)
Package graphics Info: Driver file: pdftex.def on input line 91.

(/usr/local/texlive/2014/texmf-dist/tex/latex/pdftex-def/pdftex.def
File: pdftex.def 2011/05/27 v0.06d Graphics/color for pdfTeX

(/usr/local/texlive/2014/texmf-dist/tex/generic/oberdiek/infwarerr.sty
Package: infwarerr 2010/04/08 v1.3 Providing info/warning/error messages (HO)
)
(/usr/local/texlive/2014/texmf-dist/tex/generic/oberdiek/ltxcmds.sty
Package: ltxcmds 2011/11/09 v1.22 LaTeX kernel commands for general use (HO)
)
\Gread@gobject=\count87
))
\Gin@req@height=\dimen103
\Gin@req@width=\dimen104
)
(/usr/local/texlive/2014/texmf-dist/tex/latex/caption/caption.sty
Package: caption 2013/05/02 v3.3-89 Customizing captions (AR)

(/usr/local/texlive/2014/texmf-dist/tex/latex/caption/caption3.sty
Package: caption3 2013/05/02 v1.6-88 caption3 kernel (AR)
Package caption3 Info: TeX engine: e-TeX on input line 57.
\captionmargin=\dimen105
\captionmargin@=\dimen106
\captionwidth=\dimen107
\caption@tempdima=\dimen108
\caption@indent=\dimen109
\caption@parindent=\dimen110
\caption@hangindent=\dimen111
)
\c@ContinuedFloat=\count88
)
(/usr/local/texlive/2014/texmf-dist/tex/latex/caption/subcaption.sty
Package: subcaption 2013/02/03 v1.1-62 Sub-captions (AR)
\c@subfigure=\count89
\c@subtable=\count90
)
(/usr/local/texlive/2014/texmf-dist/tex/latex/base/fontenc.sty
Package: fontenc 2005/09/27 v1.99g Standard LaTeX package

(/usr/local/texlive/2014/texmf-dist/tex/latex/base/t1enc.def
File: t1enc.def 2005/09/27 v1.99g Standard LaTeX file
LaTeX Font Info:    Redeclaring font encoding T1 on input line 43.
))
(/usr/local/texlive/2014/texmf-dist/tex/latex/bera/beramono.sty
Package: beramono 2004/01/31 (WaS)
)
(/usr/local/texlive/2014/texmf-dist/tex/latex/listings/listings.sty
\lst@mode=\count91
\lst@gtempboxa=\box26
\lst@token=\toks15
\lst@length=\count92
\lst@currlwidth=\dimen112
\lst@column=\count93
\lst@pos=\count94
\lst@lostspace=\dimen113
\lst@width=\dimen114
\lst@newlines=\count95
\lst@lineno=\count96
\lst@maxwidth=\dimen115

(/usr/local/texlive/2014/texmf-dist/tex/latex/listings/lstmisc.sty
File: lstmisc.sty 2014/03/04 1.5c (Carsten Heinz)
\c@lstnumber=\count97
\lst@skipnumbers=\count98
\lst@framebox=\box27
)
(/usr/local/texlive/2014/texmf-dist/tex/latex/listings/listings.cfg
File: listings.cfg 2014/03/04 1.5c listings configuration
))
Package: listings 2014/03/04 1.5c (Carsten Heinz)

(/usr/local/texlive/2014/texmf-dist/tex/latex/listings/lstlang1.sty
File: lstlang1.sty 2014/03/04 1.5c listings language file
)
(./Error.aux

LaTeX Warning: Label `fig:minipage1' multiply defined.


LaTeX Warning: Label `fig:minipage2' multiply defined.


LaTeX Warning: Label `fig:minipage1' multiply defined.


LaTeX Warning: Label `fig:minipage2' multiply defined.


LaTeX Warning: Label `fig:minipage1' multiply defined.


LaTeX Warning: Label `fig:minipage1' multiply defined.


LaTeX Warning: Label `fig:minipage2' multiply defined.


LaTeX Warning: Label `fig:minipage1' multiply defined.


LaTeX Warning: Label `fig:minipage2' multiply defined.


LaTeX Warning: Label `fig:minipage1' multiply defined.

)
\openout1 = `Error.aux'.

LaTeX Font Info:    Checking defaults for OML/cmm/m/it on input line 27.
LaTeX Font Info:    ... okay on input line 27.
LaTeX Font Info:    Checking defaults for T1/cmr/m/n on input line 27.
LaTeX Font Info:    ... okay on input line 27.
LaTeX Font Info:    Checking defaults for OT1/cmr/m/n on input line 27.
LaTeX Font Info:    ... okay on input line 27.
LaTeX Font Info:    Checking defaults for OMS/cmsy/m/n on input line 27.
LaTeX Font Info:    ... okay on input line 27.
LaTeX Font Info:    Checking defaults for OMX/cmex/m/n on input line 27.
LaTeX Font Info:    ... okay on input line 27.
LaTeX Font Info:    Checking defaults for U/cmr/m/n on input line 27.
LaTeX Font Info:    ... okay on input line 27.
 (/usr/local/texlive/2014/texmf-dist/tex/context/base/supp-pdf.mkii
[Loading MPS to PDF converter (version 2006.09.02).]
\scratchcounter=\count99
\scratchdimen=\dimen116
\scratchbox=\box28
\nofMPsegments=\count100
\nofMParguments=\count101
\everyMPshowfont=\toks16
\MPscratchCnt=\count102
\MPscratchDim=\dimen117
\MPnumerator=\count103
\makeMPintoPDFobject=\count104
\everyMPtoPDFconversion=\toks17
) (/usr/local/texlive/2014/texmf-dist/tex/generic/oberdiek/pdftexcmds.sty
Package: pdftexcmds 2011/11/29 v0.20 Utility functions of pdfTeX for LuaTeX (HO
)

(/usr/local/texlive/2014/texmf-dist/tex/generic/oberdiek/ifluatex.sty
Package: ifluatex 2010/03/01 v1.3 Provides the ifluatex switch (HO)
Package ifluatex Info: LuaTeX not detected.
)
(/usr/local/texlive/2014/texmf-dist/tex/generic/oberdiek/ifpdf.sty
Package: ifpdf 2011/01/30 v2.3 Provides the ifpdf switch (HO)
Package ifpdf Info: pdfTeX in PDF mode is detected.
)
Package pdftexcmds Info: LuaTeX not detected.
Package pdftexcmds Info: \pdf@primitive is available.
Package pdftexcmds Info: \pdf@ifprimitive is available.
Package pdftexcmds Info: \pdfdraftmode found.
)
(/usr/local/texlive/2014/texmf-dist/tex/latex/oberdiek/epstopdf-base.sty
Package: epstopdf-base 2010/02/09 v2.5 Base part for package epstopdf

(/usr/local/texlive/2014/texmf-dist/tex/latex/oberdiek/grfext.sty
Package: grfext 2010/08/19 v1.1 Manage graphics extensions (HO)

(/usr/local/texlive/2014/texmf-dist/tex/generic/oberdiek/kvdefinekeys.sty
Package: kvdefinekeys 2011/04/07 v1.3 Define keys (HO)
))
(/usr/local/texlive/2014/texmf-dist/tex/latex/oberdiek/kvoptions.sty
Package: kvoptions 2011/06/30 v3.11 Key value format for package options (HO)

(/usr/local/texlive/2014/texmf-dist/tex/generic/oberdiek/kvsetkeys.sty
Package: kvsetkeys 2012/04/25 v1.16 Key value parser (HO)

(/usr/local/texlive/2014/texmf-dist/tex/generic/oberdiek/etexcmds.sty
Package: etexcmds 2011/02/16 v1.5 Avoid name clashes with e-TeX commands (HO)
Package etexcmds Info: Could not find \expanded.
(etexcmds)             That can mean that you are not using pdfTeX 1.50 or
(etexcmds)             that some package has redefined \expanded.
(etexcmds)             In the latter case, load this package earlier.
)))
Package grfext Info: Graphics extension search list:
(grfext)             [.png,.pdf,.jpg,.mps,.jpeg,.jbig2,.jb2,.PNG,.PDF,.JPG,.JPE
G,.JBIG2,.JB2,.eps]
(grfext)             \AppendGraphicsExtensions on input line 452.

(/usr/local/texlive/2014/texmf-dist/tex/latex/latexconfig/epstopdf-sys.cfg
File: epstopdf-sys.cfg 2010/07/13 v1.3 Configuration of (r)epstopdf for TeX Liv
e
))
Package caption Info: Begin \AtBeginDocument code.
Package caption Info: listings package is loaded.
Package caption Info: End \AtBeginDocument code.
\c@lstlisting=\count105
LaTeX Font Info:    External font `cmex10' loaded for size
(Font)              <14.4> on input line 32.
LaTeX Font Info:    External font `cmex10' loaded for size
(Font)              <7> on input line 32.
LaTeX Font Info:    External font `cmex10' loaded for size
(Font)              <12> on input line 39.
LaTeX Font Info:    External font `cmex10' loaded for size
(Font)              <8> on input line 39.
LaTeX Font Info:    External font `cmex10' loaded for size
(Font)              <6> on input line 39.
LaTeX Font Info:    External font `cmex10' loaded for size
(Font)              <5> on input line 42.

[1

{/usr/local/texlive/2014/texmf-var/fonts/map/pdftex/updmap/pdftex.map}]
Overfull \hbox (2.29137pt too wide) in paragraph at lines 64--64
\T1/cmr/m/n/10 Err=$[]$=$[]$ 
 []

LaTeX Font Info:    Try loading font information for T1+fvm on input line 69.
(/usr/local/texlive/2014/texmf-dist/tex/latex/bera/t1fvm.fd
File: t1fvm.fd 2004/09/07 scalable font definitions for T1/fvm.
)
LaTeX Font Info:    Font shape `T1/fvm/m/n' will be
(Font)              scaled to size 10.79993pt on input line 69.
LaTeX Font Info:    Font shape `T1/fvm/bx/n' in size <12> not available
(Font)              Font shape `T1/fvm/b/n' tried instead on input line 72.
LaTeX Font Info:    Font shape `T1/fvm/b/n' will be
(Font)              scaled to size 10.79993pt on input line 72.
 [2]
LaTeX Font Info:    Font shape `T1/fvm/m/it' in size <12> not available
(Font)              Font shape `T1/fvm/m/sl' tried instead on input line 76.
LaTeX Font Info:    Font shape `T1/fvm/m/sl' will be
(Font)              scaled to size 10.79993pt on input line 76.

Overfull \hbox (24.7207pt too wide) in paragraph at lines 87--88
[][][][][][][][][][][][][][][][][][][][][][][] 
 []


Overfull \hbox (31.20071pt too wide) in paragraph at lines 99--100
[][][][][][][][][][][][][][][][][][][] 
 []

<P3_2.PNG, id=28, 323.70938pt x 381.425pt>
File: P3_2.PNG Graphic file (type png)
 <use P3_2.PNG>
Package pdftex.def Info: P3_2.PNG used on input line 110.
(pdftex.def)             Requested size: 170.71652pt x 201.15323pt.

<P3_3.PNG, id=30, 653.44125pt x 755.82375pt>
File: P3_3.PNG Graphic file (type png)
 <use P3_3.PNG>
Package pdftex.def Info: P3_3.PNG used on input line 116.
(pdftex.def)             Requested size: 170.71652pt x 197.45523pt.

<P3N=5.png, id=31, 616.3025pt x 473.77pt>
File: P3N=5.png Graphic file (type png)
 <use P3N=5.png>
Package pdftex.def Info: P3N=5.png used on input line 125.
(pdftex.def)             Requested size: 170.71652pt x 131.23055pt.

<P3N=10.png, id=32, 602.25pt x 448.67625pt>
File: P3N=10.png Graphic file (type png)
 <use P3N=10.png>
Package pdftex.def Info: P3N=10.png used on input line 131.
(pdftex.def)             Requested size: 170.71652pt x 127.18259pt.

<P3N=50.png, id=33, 607.26875pt x 462.72874pt>
File: P3N=50.png Graphic file (type png)
 <use P3N=50.png>
Package pdftex.def Info: P3N=50.png used on input line 140.
(pdftex.def)             Requested size: 170.71652pt x 130.07858pt.

<P3N=100.png, id=34, 601.24625pt x 446.66875pt>
File: P3N=100.png Graphic file (type png)
 <use P3N=100.png>
Package pdftex.def Info: P3N=100.png used on input line 146.
(pdftex.def)             Requested size: 170.71652pt x 126.82481pt.

<P3N=1000.png, id=35, 598.235pt x 463.7325pt>
File: P3N=1000.png Graphic file (type png)
 <use P3N=1000.png>
Package pdftex.def Info: P3N=1000.png used on input line 155.
(pdftex.def)             Requested size: 170.71652pt x 132.33495pt.
 [3] [4 <./P3_2.PNG> <./P3_3.PNG> <./P3N=5.png> <./P3N=10.png>] [5 <./P3N=50.pn
g> <./P3N=100.png> <./P3N=1000.png>]
Overfull \hbox (60.63515pt too wide) in paragraph at lines 180--181
\T1/cmr/m/n/12 nor-mal dis-tri-bu-tion. The er-ror on that mean would be $[]$. 

 []

[6

]
Overfull \hbox (24.7207pt too wide) in paragraph at lines 201--202
[][][][][][][][][][][][][][][][][][][][][][][] 
 []


Overfull \hbox (31.20071pt too wide) in paragraph at lines 213--214
[][][][][][][][][][][][][][][][][][][] 
 []

[7] <P4_2.PNG, id=62, 302.12875pt x 210.7875pt>
File: P4_2.PNG Graphic file (type png)
 <use P4_2.PNG>
Package pdftex.def Info: P4_2.PNG used on input line 229.
(pdftex.def)             Requested size: 170.71652pt x 119.1048pt.

<P4_3.PNG, id=63, 295.1025pt x 206.7725pt>
File: P4_3.PNG Graphic file (type png)
 <use P4_3.PNG>
Package pdftex.def Info: P4_3.PNG used on input line 235.
(pdftex.def)             Requested size: 170.71652pt x 119.61893pt.
 [8 <./P4_2.PNG> <./P4_3.PNG>]

LaTeX Warning: File `ex N=100.png' not found on input line 246.

<ex N=100.png, id=69, 603.25375pt x 449.68pt>
File: ex N=100.png Graphic file (type png)
 <use ex N=100.png>
Package pdftex.def Info: ex N=100.png used on input line 246.
(pdftex.def)             Requested size: 170.71652pt x 127.2544pt.

Underfull \hbox (badness 10000) in paragraph at lines 246--247
[]\T1/cmr/m/n/12 N=100.png
 []


Underfull \hbox (badness 2837) in paragraph at lines 247--247
[]\T1/cmr/m/n/12 Figure 10: |Dis-tri-bu-tion of the
 []


LaTeX Warning: File `ex N=1000.png' not found on input line 252.

<ex N=1000.png, id=70, 609.27625pt x 447.6725pt>
File: ex N=1000.png Graphic file (type png)
 <use ex N=1000.png>
Package pdftex.def Info: ex N=1000.png used on input line 252.
(pdftex.def)             Requested size: 170.71652pt x 125.43623pt.

Underfull \hbox (badness 10000) in paragraph at lines 252--253
[]\T1/cmr/m/n/12 N=1000.png
 []


Underfull \hbox (badness 2837) in paragraph at lines 253--253
[]\T1/cmr/m/n/12 Figure 11: |Dis-tri-bu-tion of the
 []


LaTeX Warning: File `ex N=10000.png' not found on input line 261.

<ex N=10000.png, id=71, 595.22375pt x 458.71375pt>
File: ex N=10000.png Graphic file (type png)
 <use ex N=10000.png>
Package pdftex.def Info: ex N=10000.png used on input line 261.
(pdftex.def)             Requested size: 170.71652pt x 131.5607pt.

Underfull \hbox (badness 10000) in paragraph at lines 261--262
[]\T1/cmr/m/n/12 N=10000.png
 []

[9

 <./ex N=100.png> <./ex N=1000.png> <./ex N=10000.png>]
<peak.png, id=78, 602.25pt x 459.7175pt>
File: peak.png Graphic file (type png)
 <use peak.png>
Package pdftex.def Info: peak.png used on input line 276.
(pdftex.def)             Requested size: 341.43306pt x 260.63875pt.
LaTeX Font Info:    Try loading font information for OMS+cmr on input line 281.


(/usr/local/texlive/2014/texmf-dist/tex/latex/base/omscmr.fd
File: omscmr.fd 1999/05/25 v2.5h Standard LaTeX font definitions
)
LaTeX Font Info:    Font shape `OMS/cmr/m/n' in size <12> not available
(Font)              Font shape `OMS/cmsy/m/n' tried instead on input line 281.
 [10

 <./peak.png>] <linear_reg.png, id=83, 889.3225pt x 499.8675pt>
File: linear_reg.png Graphic file (type png)
 <use linear_reg.png>
Package pdftex.def Info: linear_reg.png used on input line 300.
(pdftex.def)             Requested size: 426.79134pt x 239.88791pt.

Overfull \hbox (36.79134pt too wide) in paragraph at lines 300--301
 [][] 
 []

[11

 <./linear_reg.png>] [12] (./Error.aux)

LaTeX Warning: There were multiply-defined labels.

 ) 
Here is how much of TeX's memory you used:
 4336 strings out of 493117
 64940 string characters out of 6135433
 162476 words of memory out of 5000000
 7747 multiletter control sequences out of 15000+600000
 15258 words of font info for 40 fonts, out of 8000000 for 9000
 1141 hyphenation exceptions out of 8191
 38i,11n,40p,600b,1565s stack positions out of 5000i,500n,10000p,200000b,80000s
{/usr/local/texlive/2014/texmf-dist/fonts/enc/dvips/base/8r.enc}{/usr/local/t
exlive/2014/texmf-dist/fonts/enc/dvips/cm-super/cm-super-t1.enc}</usr/local/tex
live/2014/texmf-dist/fonts/type1/public/amsfonts/cm/cmex10.pfb></usr/local/texl
ive/2014/texmf-dist/fonts/type1/public/amsfonts/cm/cmmi10.pfb></usr/local/texli
ve/2014/texmf-dist/fonts/type1/public/amsfonts/cm/cmmi12.pfb></usr/local/texliv
e/2014/texmf-dist/fonts/type1/public/amsfonts/cm/cmmi7.pfb></usr/local/texlive/
2014/texmf-dist/fonts/type1/public/amsfonts/cm/cmmi8.pfb></usr/local/texlive/20
14/texmf-dist/fonts/type1/public/amsfonts/cm/cmr10.pfb></usr/local/texlive/2014
/texmf-dist/fonts/type1/public/amsfonts/cm/cmr12.pfb></usr/local/texlive/2014/t
exmf-dist/fonts/type1/public/amsfonts/cm/cmr7.pfb></usr/local/texlive/2014/texm
f-dist/fonts/type1/public/amsfonts/cm/cmr8.pfb></usr/local/texlive/2014/texmf-d
ist/fonts/type1/public/amsfonts/cm/cmsy10.pfb></usr/local/texlive/2014/texmf-di
st/fonts/type1/public/amsfonts/cm/cmsy7.pfb></usr/local/texlive/2014/texmf-dist
/fonts/type1/public/amsfonts/cm/cmsy8.pfb></usr/local/texlive/2014/texmf-dist/f
onts/type1/public/bera/fvmb8a.pfb></usr/local/texlive/2014/texmf-dist/fonts/typ
e1/public/bera/fvmr8a.pfb></usr/local/texlive/2014/texmf-dist/fonts/type1/publi
c/bera/fvmro8a.pfb></usr/local/texlive/2014/texmf-dist/fonts/type1/public/cm-su
per/sfbx1200.pfb></usr/local/texlive/2014/texmf-dist/fonts/type1/public/cm-supe
r/sfbx1728.pfb></usr/local/texlive/2014/texmf-dist/fonts/type1/public/cm-super/
sfrm1000.pfb></usr/local/texlive/2014/texmf-dist/fonts/type1/public/cm-super/sf
rm1200.pfb></usr/local/texlive/2014/texmf-dist/fonts/type1/public/cm-super/sfrm
1440.pfb></usr/local/texlive/2014/texmf-dist/fonts/type1/public/cm-super/sfrm20
74.pfb></usr/local/texlive/2014/texmf-dist/fonts/type1/public/cm-super/sfti1000
.pfb>
Output written on Error.pdf (12 pages, 756677 bytes).
PDF statistics:
 162 PDF objects out of 1000 (max. 8388607)
 97 compressed objects within 1 object stream
 0 named destinations out of 1000 (max. 500000)
 71 words of extra memory for PDF output out of 10000 (max. 10000000)

